
  .   ____          _            __ _ _
 /\\ / ___'_ __ _ _(_)_ __  __ _ \ \ \ \
( ( )\___ | '_ | '_| | '_ \/ _` | \ \ \ \
 \\/  ___)| |_)| | | | | || (_| |  ) ) ) )
  '  |____| .__|_| |_|_| |_\__, | / / / /
 =========|_|==============|___/=/_/_/_/
 :: Spring Boot ::                (v3.2.3)

16:29:53.619 [main] [] INFO  StartupInfoLogger.java:50 - Starting Gbt28181Application using Java 21.0.10 with PID 12954 (/Users/yankelei/IdeaProjects/gbt28181/target/classes started by yankelei in /Users/yankelei/IdeaProjects/gbt28181)
16:29:53.620 [main] [] INFO  SpringApplication.java:654 - No active profile set, falling back to 1 default profile: "default"
16:29:54.008 [main] [] INFO  RepositoryConfigurationDelegate.java:139 - Bootstrapping Spring Data JPA repositories in DEFAULT mode.
16:29:54.047 [main] [] INFO  RepositoryConfigurationDelegate.java:208 - Finished Spring Data repository scanning in 34 ms. Found 6 JPA repository interfaces.
16:29:54.366 [main] [] INFO  TomcatWebServer.java:109 - Tomcat initialized with port 8080 (http)
16:29:54.374 [main] [] INFO  DirectJDKLog.java:173 - Starting service [Tomcat]
16:29:54.374 [main] [] INFO  DirectJDKLog.java:173 - Starting Servlet engine: [Apache Tomcat/10.1.19]
16:29:54.405 [main] [] INFO  DirectJDKLog.java:173 - Initializing Spring embedded WebApplicationContext
16:29:54.405 [main] [] INFO  ServletWebServerApplicationContext.java:296 - Root WebApplicationContext: initialization completed in 755 ms
16:29:54.427 [main] [] INFO  HikariDataSource.java:110 - HikariPool-1 - Starting...
16:29:54.581 [main] [] INFO  HikariPool.java:565 - HikariPool-1 - Added connection conn0: url=jdbc:h2:file:./data/gbt28181 user=SA
16:29:54.582 [main] [] INFO  HikariDataSource.java:123 - HikariPool-1 - Start completed.
16:29:54.591 [main] [] INFO  H2ConsoleAutoConfiguration.java:88 - H2 console available at '/h2-console'. Database available at 'jdbc:h2:file:./data/gbt28181'
16:29:54.672 [main] [] INFO  LogHelper.java:31 - HHH000204: Processing PersistenceUnitInfo [name: default]
16:29:54.705 [main] [] INFO  Version.java:44 - HHH000412: Hibernate ORM core version 6.4.4.Final
16:29:54.725 [main] [] INFO  RegionFactoryInitiator.java:50 - HHH000026: Second-level cache disabled
16:29:54.853 [main] [] INFO  SpringPersistenceUnitInfo.java:87 - No LoadTimeWeaver setup: ignoring JPA class transformer
16:29:55.451 [main] [] INFO  JtaPlatformInitiator.java:58 - HHH000489: No JTA platform available (set 'hibernate.transaction.jta.platform' to enable JTA platform integration)
16:29:55.480 [main] [] INFO  AbstractEntityManagerFactoryBean.java:437 - Initialized JPA EntityManagerFactory for persistence unit 'default'
16:29:55.903 [main] [] WARN  JpaBaseConfiguration.java:232 - spring.jpa.open-in-view is enabled by default. Therefore, database queries may be performed during view rendering. Explicitly configure spring.jpa.open-in-view to disable this warning
16:29:55.920 [main] [] INFO  WelcomePageHandlerMapping.java:59 - Adding welcome page: class path resource [static/index.html]
16:29:56.156 [main] [] INFO  TomcatWebServer.java:241 - Tomcat started on port 8080 (http) with context path ''
16:29:56.163 [main] [] INFO  StartupInfoLogger.java:56 - Started Gbt28181Application in 2.785 seconds (process running for 2.969)
16:29:56.258 [main] [] INFO  SchemaCompatibilityInitializer.java:38 - 检测到本端设备 PTZ 类型缺失，启动后主动补发 Catalog Query
16:29:56.258 [main] [] WARN  CatalogQueryService.java:32 - SIP Provider 未就绪，跳过 Catalog Query configId=2
16:29:56.390 [main] [] INFO  LocalSipConfigInitializer.java:31 - 本端 SIP 配置已存在
16:29:56.390 [main] [] INFO  LocalSipConfigInitializer.java:35 - 本端 SIP 参数已配置，启动 SIP Stack ...
16:29:56.390 [main] [] INFO  SipStackManager.java:55 - [1] SIP Stack 开始热重载，新配置: 192.168.10.4:15060/UDP
16:29:56.403 [main] [] INFO  SipRegistrationClient.java:104 - 所有 SIP Client 注册任务已停止
16:29:56.418 [main] [] INFO  SipRegistrationServer.java:361 - SipRegistrationServer 已关闭，所有上联状态重置为 OFFLINE
16:29:56.421 [main] [] INFO  SipRegistrationClient.java:104 - 所有 SIP Client 注册任务已停止
16:29:56.426 [main] [] INFO  SipStackManager.java:74 - [4] 端口 15060 可用
16:29:56.445 [main] [] WARN  LogWriter.java:451 - using default tls security policy
16:29:56.446 [main] [] WARN  LogWriter.java:451 - Using default keystore type pkcs12
16:29:56.446 [main] [] WARN  LogWriter.java:451 - TLS server settings will be inactive - TLS key store will use JVM defaults keyStoreType=pkcs12 javax.net.ssl.keyStore=null javax.net.ssl.keyStorePassword=null
16:29:56.446 [main] [] INFO  LogWriter.java:461 - javax.net.ssl.trustStorePassword is null, using the password passed through javax.net.ssl.keyStorePassword
16:29:56.446 [main] [] WARN  LogWriter.java:451 - Using default truststore type pkcs12
16:29:56.446 [main] [] WARN  LogWriter.java:451 - TLS trust settings will be inactive - TLS trust store will use JVM defaults. trustStoreType=pkcs12 javax.net.ssl.trustStore=null javax.net.ssl.trustStorePassword=null
16:29:56.513 [main] [] INFO  SipStackManager.java:166 - [5] SipStack 创建成功：192.168.10.4:15060/UDP
16:29:56.515 [main] [] INFO  SipStackManager.java:85 - [7] SIP Stack 热重载完成，监听 192.168.10.4:15060/UDP
16:30:09.255 [http-nio-8080-exec-1] [] INFO  DirectJDKLog.java:173 - Initializing Spring DispatcherServlet 'dispatcherServlet'
16:30:09.256 [http-nio-8080-exec-1] [] INFO  FrameworkServlet.java:532 - Initializing Servlet 'dispatcherServlet'
16:30:09.257 [http-nio-8080-exec-1] [] INFO  FrameworkServlet.java:554 - Completed initialization in 1 ms
16:30:20.194 [EventScannerThread] [] WARN  SipRegistrationServer.java:263 - 收到未注册对端的 MESSAGE: 34020000002000000001
16:30:20.923 [http-nio-8080-exec-2] [] WARN  LocalDeviceStreamService.java:57 - IVS1900 34020000002000000001 未注册，使用配置中的静态地址 192.168.10.9:5061
16:30:20.923 [http-nio-8080-exec-2] [] INFO  LocalDeviceStreamService.java:62 - 本端设备拉流 gbDeviceId=64010400001320000003 ivsCameraId=34020000001310000002 target=192.168.10.9:5061
16:30:20.959 [http-nio-8080-exec-2] [] ERROR ZLMediaKitClient.java:49 - ZLM openRtpServer 失败 code=-300 msg=This stream already exists streamId=local_34020000001310000002
16:30:58.660 [http-nio-8080-exec-5] [] WARN  LocalDeviceStreamService.java:57 - IVS1900 34020000002000000001 未注册，使用配置中的静态地址 192.168.10.9:5061
16:30:58.661 [http-nio-8080-exec-5] [] INFO  LocalDeviceStreamService.java:62 - 本端设备拉流 gbDeviceId=64010400001320000003 ivsCameraId=34020000001310000002 target=192.168.10.9:5061
16:30:58.663 [http-nio-8080-exec-5] [] INFO  ZLMediaKitClient.java:53 - ZLM openRtpServer 成功 streamId=local_34020000001310000002 port=31618
16:30:58.699 [http-nio-8080-exec-5] [] INFO  SipInviteService.java:138 - 视频流会话建立成功 deviceId=34020000001310000002 streamId=local_34020000001310000002 rtpPort=31618
16:31:25.150 [EventScannerThread] [] WARN  SipRegistrationServer.java:263 - 收到未注册对端的 MESSAGE: 34020000002000000001
16:31:30.189 [EventScannerThread] [] INFO  SipRegistrationServer.java:208 - IVS1900 34020000002000000001 注册成功，upLinkStatus=ONLINE，expires=3600s
16:31:30.191 [EventScannerThread] [] INFO  CatalogQueryService.java:55 - 发送 Catalog Query → 192.168.10.9:5061 configId=2
16:31:30.295 [EventScannerThread] [] INFO  CatalogNotifyHandler.java:174 - IVS1900 Catalog Notify 同步完成：新增=0, 更新=1
16:31:30.299 [EventScannerThread] [] INFO  CatalogNotifyHandler.java:174 - IVS1900 Catalog Notify 同步完成：新增=0, 更新=0
16:31:30.304 [EventScannerThread] [] INFO  CatalogNotifyHandler.java:174 - IVS1900 Catalog Notify 同步完成：新增=0, 更新=1
16:31:30.307 [EventScannerThread] [] INFO  CatalogNotifyHandler.java:174 - IVS1900 Catalog Notify 同步完成：新增=0, 更新=0
16:31:58.010 [http-nio-8080-exec-10] [] INFO  LocalDeviceStreamService.java:62 - 本端设备拉流 gbDeviceId=64010400001320000003 ivsCameraId=34020000001310000002 target=192.168.10.9:5061
16:31:58.011 [http-nio-8080-exec-10] [] INFO  SipInviteService.java:91 - 设备 34020000001310000002 已有活跃流会话，先停止旧会话
16:31:58.018 [http-nio-8080-exec-10] [] INFO  ZLMediaKitClient.java:78 - ZLM closeRtpServer 成功 streamId=local_34020000001310000002
16:31:58.018 [http-nio-8080-exec-10] [] INFO  SipInviteService.java:269 - 视频流会话已停止 deviceId=34020000001310000002
16:31:58.020 [http-nio-8080-exec-10] [] INFO  ZLMediaKitClient.java:53 - ZLM openRtpServer 成功 streamId=local_34020000001310000002 port=32394
16:31:58.057 [http-nio-8080-exec-10] [] INFO  SipInviteService.java:138 - 视频流会话建立成功 deviceId=34020000001310000002 streamId=local_34020000001310000002 rtpPort=32394
16:40:27.681 [http-nio-8080-exec-5] [] INFO  ZLMediaKitClient.java:78 - ZLM closeRtpServer 成功 streamId=local_34020000001310000002
16:40:27.682 [http-nio-8080-exec-5] [] INFO  SipInviteService.java:284 - 视频流会话已停止 deviceId=34020000001310000002
16:43:00.240 [http-nio-8080-exec-4] [] INFO  LocalDeviceStreamService.java:62 - 本端设备拉流 gbDeviceId=64010400001320000001 ivsCameraId=34020000001310000001 target=192.168.10.9:5061
16:43:00.247 [http-nio-8080-exec-4] [] INFO  ZLMediaKitClient.java:53 - ZLM openRtpServer 成功 streamId=local_34020000001310000001 port=32554
16:43:00.392 [http-nio-8080-exec-4] [] INFO  SipInviteService.java:138 - 视频流会话建立成功 deviceId=34020000001310000001 streamId=local_34020000001310000001 rtpPort=32554
16:50:15.293 [http-nio-8080-exec-9] [] INFO  ZLMediaKitClient.java:78 - ZLM closeRtpServer 成功 streamId=local_34020000001310000001
16:50:15.295 [http-nio-8080-exec-9] [] INFO  SipInviteService.java:284 - 视频流会话已停止 deviceId=34020000001310000001
17:13:30.262 [EventScannerThread] [] INFO  SipRegistrationServer.java:208 - IVS1900 34020000002000000001 注册成功，upLinkStatus=ONLINE，expires=3600s
17:13:30.265 [EventScannerThread] [] INFO  CatalogQueryService.java:55 - 发送 Catalog Query → 192.168.10.9:5061 configId=2
17:13:30.287 [EventScannerThread] [] INFO  CatalogNotifyHandler.java:174 - IVS1900 Catalog Notify 同步完成：新增=0, 更新=1
17:13:30.289 [EventScannerThread] [] INFO  CatalogNotifyHandler.java:174 - IVS1900 Catalog Notify 同步完成：新增=0, 更新=0
17:13:30.293 [EventScannerThread] [] INFO  CatalogNotifyHandler.java:174 - IVS1900 Catalog Notify 同步完成：新增=0, 更新=1
17:13:30.294 [EventScannerThread] [] INFO  CatalogNotifyHandler.java:174 - IVS1900 Catalog Notify 同步完成：新增=0, 更新=0
17:55:30.279 [EventScannerThread] [] INFO  SipRegistrationServer.java:208 - IVS1900 34020000002000000001 注册成功，upLinkStatus=ONLINE，expires=3600s
17:55:30.282 [EventScannerThread] [] INFO  CatalogQueryService.java:55 - 发送 Catalog Query → 192.168.10.9:5061 configId=2
17:55:30.306 [EventScannerThread] [] INFO  CatalogNotifyHandler.java:174 - IVS1900 Catalog Notify 同步完成：新增=0, 更新=1
17:55:30.308 [EventScannerThread] [] INFO  CatalogNotifyHandler.java:174 - IVS1900 Catalog Notify 同步完成：新增=0, 更新=0
17:55:30.311 [EventScannerThread] [] INFO  CatalogNotifyHandler.java:174 - IVS1900 Catalog Notify 同步完成：新增=0, 更新=1
17:55:30.312 [EventScannerThread] [] INFO  CatalogNotifyHandler.java:174 - IVS1900 Catalog Notify 同步完成：新增=0, 更新=0
18:37:30.354 [EventScannerThread] [] INFO  SipRegistrationServer.java:208 - IVS1900 34020000002000000001 注册成功，upLinkStatus=ONLINE，expires=3600s
18:37:30.358 [EventScannerThread] [] INFO  CatalogQueryService.java:55 - 发送 Catalog Query → 192.168.10.9:5061 configId=2
18:37:30.378 [EventScannerThread] [] INFO  CatalogNotifyHandler.java:174 - IVS1900 Catalog Notify 同步完成：新增=0, 更新=1
18:37:30.381 [EventScannerThread] [] INFO  CatalogNotifyHandler.java:174 - IVS1900 Catalog Notify 同步完成：新增=0, 更新=0
18:37:30.384 [EventScannerThread] [] INFO  CatalogNotifyHandler.java:174 - IVS1900 Catalog Notify 同步完成：新增=0, 更新=1
18:37:30.385 [EventScannerThread] [] INFO  CatalogNotifyHandler.java:174 - IVS1900 Catalog Notify 同步完成：新增=0, 更新=0
19:19:30.407 [EventScannerThread] [] INFO  SipRegistrationServer.java:208 - IVS1900 34020000002000000001 注册成功，upLinkStatus=ONLINE，expires=3600s
19:19:30.410 [EventScannerThread] [] INFO  CatalogQueryService.java:55 - 发送 Catalog Query → 192.168.10.9:5061 configId=2
19:19:30.430 [EventScannerThread] [] INFO  CatalogNotifyHandler.java:174 - IVS1900 Catalog Notify 同步完成：新增=0, 更新=1
19:19:30.432 [EventScannerThread] [] INFO  CatalogNotifyHandler.java:174 - IVS1900 Catalog Notify 同步完成：新增=0, 更新=0
19:19:30.435 [EventScannerThread] [] INFO  CatalogNotifyHandler.java:174 - IVS1900 Catalog Notify 同步完成：新增=0, 更新=1
19:19:30.436 [EventScannerThread] [] INFO  CatalogNotifyHandler.java:174 - IVS1900 Catalog Notify 同步完成：新增=0, 更新=0
[ERROR] Failed to execute goal org.springframework.boot:spring-boot-maven-plugin:3.2.3:run (default-cli) on project gbt28181: Process terminated with exit code: 137 -> [Help 1]
[ERROR] 
[ERROR] To see the full stack trace of the errors, re-run Maven with the -e switch.
[ERROR] Re-run Maven using the -X switch to enable full debug logging.
[ERROR] 
[ERROR] For more information about the errors and possible solutions, please read the following articles:
[ERROR] [Help 1] http://cwiki.apache.org/confluence/display/MAVEN/MojoExecutionException
